<?xml version="1.0" encoding="UTF-8"?>
<testng-results skipped="0" failed="0" total="1" passed="1">
  <reporter-output>
  </reporter-output>
  <suite name="Default suite" duration-ms="3391" started-at="2022-02-10T17:31:37Z" finished-at="2022-02-10T17:31:41Z">
    <groups>
    </groups>
    <test name="Default test" duration-ms="3391" started-at="2022-02-10T17:31:37Z" finished-at="2022-02-10T17:31:41Z">
      <class name="Test02_GET">
        <test-method status="PASS" signature="test_02()[pri:0, instance:Test02_GET@5cb9f472]" name="test_02" duration-ms="3374" started-at="2022-02-10T23:01:37Z" finished-at="2022-02-10T23:01:41Z">
          <reporter-output>
          </reporter-output>
        </test-method> <!-- test_02 -->
      </class> <!-- Test02_GET -->
    </test> <!-- Default test -->
  </suite> <!-- Default suite -->
</testng-results>
